<testsuites name="Random english word Tests">
  <testsuite name=" word endpoint IT test" tests="1" errors="0" failures="1" skipped="0" timestamp="2017-10-30T04:33:54" time="0.237">
    <testcase classname="Random english word Tests. word endpoint IT test" name="should return a random word" time="0.231">
      <failure message="expected 200 &quot;OK&quot;, got 400 &quot;Bad Request&quot;">    at Test._assertStatus (node_modules/supertest/lib/test.js:266:12)
    at Test._assertFunction (node_modules/supertest/lib/test.js:281:11)
    at Test.assert (node_modules/supertest/lib/test.js:171:18)
    at assert (node_modules/supertest/lib/test.js:131:12)
    at node_modules/supertest/lib/test.js:128:5
    at Test.Request.callback (node_modules/superagent/lib/node/index.js:715:3)
    at IncomingMessage.parser (node_modules/superagent/lib/node/index.js:903:18)
    at endReadableNT (_stream_readable.js:1056:12)
    at _combinedTickCallback (internal/process/next_tick.js:138:11)
    at process._tickCallback (internal/process/next_tick.js:180:9)</failure>
      <system-out><![CDATA[=====================> Random words app listening on port 3000!
=====================> getting key KEY-5
=====================> RESPONSE from redis null
=====================> REJECTING Error: Could not find the word for key KEY-5
    at redis.get.then (/home/silveimar/Projects/nodejs/node.english-words/src/controllers/modules/getRandomWordModule.js:16:35)
    at tryCatcher (/home/silveimar/Projects/nodejs/node.english-words/node_modules/bluebird/js/release/util.js:16:23)
    at Promise._settlePromiseFromHandler (/home/silveimar/Projects/nodejs/node.english-words/node_modules/bluebird/js/release/promise.js:512:31)
    at Promise._settlePromise (/home/silveimar/Projects/nodejs/node.english-words/node_modules/bluebird/js/release/promise.js:569:18)
    at Promise._settlePromise0 (/home/silveimar/Projects/nodejs/node.english-words/node_modules/bluebird/js/release/promise.js:614:10)
    at Promise._settlePromises (/home/silveimar/Projects/nodejs/node.english-words/node_modules/bluebird/js/release/promise.js:693:18)
    at Promise._fulfill (/home/silveimar/Projects/nodejs/node.english-words/node_modules/bluebird/js/release/promise.js:638:18)
    at Command.callback (/home/silveimar/Projects/nodejs/node.english-words/node_modules/bluebird/js/release/nodeback.js:42:21)
    at normal_reply (/home/silveimar/Projects/nodejs/node.english-words/node_modules/redis/index.js:726:21)
    at RedisClient.return_reply (/home/silveimar/Projects/nodejs/node.english-words/node_modules/redis/index.js:824:9)
    at JavascriptRedisParser.returnReply (/home/silveimar/Projects/nodejs/node.english-words/node_modules/redis/index.js:192:18)
    at JavascriptRedisParser.execute (/home/silveimar/Projects/nodejs/node.english-words/node_modules/redis-parser/lib/parser.js:574:12)
    at Socket.<anonymous> (/home/silveimar/Projects/nodejs/node.english-words/node_modules/redis/index.js:274:27)
    at emitOne (events.js:115:13)
    at Socket.emit (events.js:210:7)
    at addChunk (_stream_readable.js:263:12)
    at readableAddChunk (_stream_readable.js:250:11)
    at Socket.Readable.push (_stream_readable.js:208:10)
    at TCP.onread (net.js:597:20)
]]></system-out>
    </testcase>
  </testsuite>
</testsuites>